::1 - - [26/May/2021:00:51:14 +0000] "GET /api/v1/actors HTTP/1.1" 200 29 "-" "insomnia/2021.3.0"
::1 - - [26/May/2021:02:05:43 +0000] "POST /api/v1/gellery/ HTTP/1.1" 200 37 "-" "insomnia/2021.3.0"
::1 - - [26/May/2021:02:06:11 +0000] "POST /api/v1/gallery/ HTTP/1.1" 200 37 "-" "insomnia/2021.3.0"
::1 - - [26/May/2021:02:20:08 +0000] "POST /api/v1/gallery/ HTTP/1.1" 404 155 "-" "insomnia/2021.3.0"
::1 - - [26/May/2021:02:20:20 +0000] "POST /api/v1/gallery/ HTTP/1.1" 404 155 "-" "insomnia/2021.3.0"
::1 - - [26/May/2021:02:21:14 +0000] "POST /api/v1/gallery/ HTTP/1.1" 404 155 "-" "insomnia/2021.3.0"
::1 - - [26/May/2021:02:21:59 +0000] "POST /api/v1/gallery/ HTTP/1.1" 404 155 "-" "insomnia/2021.3.0"
::1 - - [26/May/2021:02:22:00 +0000] "POST /api/v1/gallery/ HTTP/1.1" 404 155 "-" "insomnia/2021.3.0"
::1 - - [26/May/2021:02:24:06 +0000] "POST /api/v1/gallery/ HTTP/1.1" 200 225 "-" "insomnia/2021.3.0"
::1 - - [26/May/2021:02:38:15 +0000] "POST /api/v1/gallery/ HTTP/1.1" 200 208 "-" "insomnia/2021.3.0"
::1 - - [26/May/2021:02:38:46 +0000] "POST /api/v1/gallery/ HTTP/1.1" 200 214 "-" "insomnia/2021.3.0"
::1 - - [26/May/2021:21:02:50 +0000] "POST /api/v1/gallery/ HTTP/1.1" 200 214 "-" "insomnia/2021.3.0"
::1 - - [27/May/2021:17:38:58 +0000] "POST /api/v1/gallery/ HTTP/1.1" 200 85102 "-" "insomnia/2021.3.0"
::1 - - [27/May/2021:17:39:54 +0000] "POST /api/v1/gallery/ HTTP/1.1" 200 85102 "-" "insomnia/2021.3.0"
::1 - - [27/May/2021:17:43:20 +0000] "POST /api/v1/gallery/ HTTP/1.1" 200 208 "-" "insomnia/2021.3.0"
::1 - - [28/May/2021:16:27:28 +0000] "POST /api/v1/gallery/ HTTP/1.1" 200 205 "-" "insomnia/2021.3.0"
::1 - - [28/May/2021:16:27:56 +0000] "POST /api/v1/gallery/ HTTP/1.1" 500 61 "-" "insomnia/2021.3.0"
::1 - - [28/May/2021:16:29:27 +0000] "POST /api/v1/gallery/ HTTP/1.1" 500 61 "-" "insomnia/2021.3.0"
::1 - - [28/May/2021:16:32:32 +0000] "POST /api/v1/gallery/ HTTP/1.1" 500 61 "-" "insomnia/2021.3.0"
::1 - - [28/May/2021:16:32:43 +0000] "POST /api/v1/gallery/ HTTP/1.1" 200 205 "-" "insomnia/2021.3.0"
::1 - - [28/May/2021:16:33:23 +0000] "POST /api/v1/gallery/ HTTP/1.1" 200 205 "-" "insomnia/2021.3.0"
::1 - - [28/May/2021:16:37:09 +0000] "POST /api/v1/gallery/ HTTP/1.1" 200 205 "-" "insomnia/2021.3.0"
::1 - - [28/May/2021:16:37:20 +0000] "GET /api/v1/actors HTTP/1.1" 200 29 "-" "insomnia/2021.3.0"
::1 - - [28/May/2021:16:43:25 +0000] "POST /api/v1/login HTTP/1.1" 200 37 "-" "insomnia/2021.3.0"
::1 - - [28/May/2021:16:44:43 +0000] "POST /api/v1/login HTTP/1.1" 200 37 "-" "insomnia/2021.3.0"
::1 - - [28/May/2021:16:44:52 +0000] "POST /api/v1/login HTTP/1.1" 404 152 "-" "insomnia/2021.3.0"
::1 - - [28/May/2021:16:44:55 +0000] "POST /api/v1/login HTTP/1.1" 404 152 "-" "insomnia/2021.3.0"
::1 - - [28/May/2021:16:44:58 +0000] "POST /api/v1/login HTTP/1.1" 404 152 "-" "insomnia/2021.3.0"
::1 - - [28/May/2021:16:44:58 +0000] "POST /api/v1/login HTTP/1.1" 404 152 "-" "insomnia/2021.3.0"
::1 - - [28/May/2021:16:44:59 +0000] "POST /api/v1/login HTTP/1.1" 404 152 "-" "insomnia/2021.3.0"
::1 - - [28/May/2021:16:44:59 +0000] "POST /api/v1/login HTTP/1.1" 404 152 "-" "insomnia/2021.3.0"
::1 - - [28/May/2021:16:44:59 +0000] "POST /api/v1/login HTTP/1.1" 404 152 "-" "insomnia/2021.3.0"
::1 - - [28/May/2021:16:44:59 +0000] "POST /api/v1/login HTTP/1.1" 404 152 "-" "insomnia/2021.3.0"
::1 - - [28/May/2021:16:44:59 +0000] "POST /api/v1/login HTTP/1.1" 404 152 "-" "insomnia/2021.3.0"
::1 - - [28/May/2021:16:45:00 +0000] "POST /api/v1/login HTTP/1.1" 404 152 "-" "insomnia/2021.3.0"
::1 - - [28/May/2021:16:45:48 +0000] "POST /login HTTP/1.1" 200 530 "-" "insomnia/2021.3.0"
::1 - - [28/May/2021:16:46:18 +0000] "GET /api/v1/actors HTTP/1.1" 200 29 "-" "insomnia/2021.3.0"
::1 - - [28/May/2021:16:47:01 +0000] "GET /api/v1/actors HTTP/1.1" 200 37 "-" "insomnia/2021.3.0"
::1 - - [28/May/2021:16:47:34 +0000] "GET /api/v1/actors HTTP/1.1" 200 2 "-" "insomnia/2021.3.0"
::1 - - [03/Oct/2021:19:05:41 +0000] "GET / HTTP/1.1" 200 20 "-" "Mozilla/5.0 (Windows NT 10.0; Win64; x64) AppleWebKit/537.36 (KHTML, like Gecko) Chrome/94.0.4606.71 Safari/537.36 Edg/94.0.992.38"
::1 - - [03/Oct/2021:19:06:12 +0000] "GET /api-docs HTTP/1.1" 301 183 "-" "Mozilla/5.0 (Windows NT 10.0; Win64; x64) AppleWebKit/537.36 (KHTML, like Gecko) Chrome/94.0.4606.71 Safari/537.36 Edg/94.0.992.38"
::1 - - [03/Oct/2021:19:06:12 +0000] "GET /api-docs/ HTTP/1.1" 200 3104 "-" "Mozilla/5.0 (Windows NT 10.0; Win64; x64) AppleWebKit/537.36 (KHTML, like Gecko) Chrome/94.0.4606.71 Safari/537.36 Edg/94.0.992.38"
::1 - - [03/Oct/2021:19:06:12 +0000] "GET /api-docs/swagger-ui-init.js HTTP/1.1" 200 4640 "-" "Mozilla/5.0 (Windows NT 10.0; Win64; x64) AppleWebKit/537.36 (KHTML, like Gecko) Chrome/94.0.4606.71 Safari/537.36 Edg/94.0.992.38"
::1 - - [03/Oct/2021:19:06:12 +0000] "GET /api-docs/swagger-ui.css HTTP/1.1" 200 143410 "-" "Mozilla/5.0 (Windows NT 10.0; Win64; x64) AppleWebKit/537.36 (KHTML, like Gecko) Chrome/94.0.4606.71 Safari/537.36 Edg/94.0.992.38"
::1 - - [03/Oct/2021:19:06:12 +0000] "GET /api-docs/swagger-ui-standalone-preset.js HTTP/1.1" 200 336487 "-" "Mozilla/5.0 (Windows NT 10.0; Win64; x64) AppleWebKit/537.36 (KHTML, like Gecko) Chrome/94.0.4606.71 Safari/537.36 Edg/94.0.992.38"
::1 - - [03/Oct/2021:19:06:12 +0000] "GET /api-docs/swagger-ui-bundle.js HTTP/1.1" 200 1098835 "-" "Mozilla/5.0 (Windows NT 10.0; Win64; x64) AppleWebKit/537.36 (KHTML, like Gecko) Chrome/94.0.4606.71 Safari/537.36 Edg/94.0.992.38"
::1 - - [03/Oct/2021:19:06:12 +0000] "GET /api-docs/favicon-32x32.png HTTP/1.1" 200 628 "-" "Mozilla/5.0 (Windows NT 10.0; Win64; x64) AppleWebKit/537.36 (KHTML, like Gecko) Chrome/94.0.4606.71 Safari/537.36 Edg/94.0.992.38"
::1 - - [03/Oct/2021:19:12:55 +0000] "GET /a HTTP/1.1" 404 140 "-" "Mozilla/5.0 (Windows NT 10.0; Win64; x64) AppleWebKit/537.36 (KHTML, like Gecko) Chrome/94.0.4606.71 Safari/537.36 Edg/94.0.992.38"
::1 - - [03/Oct/2021:19:12:59 +0000] "GET / HTTP/1.1" 304 - "-" "Mozilla/5.0 (Windows NT 10.0; Win64; x64) AppleWebKit/537.36 (KHTML, like Gecko) Chrome/94.0.4606.71 Safari/537.36 Edg/94.0.992.38"
::1 - - [03/Oct/2021:19:13:22 +0000] "GET /api/v1/actors HTTP/1.1" 200 37 "-" "Mozilla/5.0 (Windows NT 10.0; Win64; x64) AppleWebKit/537.36 (KHTML, like Gecko) Chrome/94.0.4606.71 Safari/537.36 Edg/94.0.992.38"
::1 - - [03/Oct/2021:19:13:36 +0000] "GET /api/v1/directors HTTP/1.1" 200 37 "-" "Mozilla/5.0 (Windows NT 10.0; Win64; x64) AppleWebKit/537.36 (KHTML, like Gecko) Chrome/94.0.4606.71 Safari/537.36 Edg/94.0.992.38"
::1 - - [04/Oct/2021:19:55:40 +0000] "GET /api/v1/actors HTTP/1.1" 200 29 "-" "insomnia/2021.4.1"
::1 - - [04/Oct/2021:19:56:02 +0000] "GET /api/v1/actors HTTP/1.1" 200 37 "-" "insomnia/2021.4.1"
::1 - - [04/Oct/2021:19:56:04 +0000] "GET /api/v1/actors HTTP/1.1" 200 37 "-" "insomnia/2021.4.1"
::1 - - [04/Oct/2021:19:56:04 +0000] "GET /api/v1/actors HTTP/1.1" 200 37 "-" "insomnia/2021.4.1"
::1 - - [04/Oct/2021:19:56:04 +0000] "GET /api/v1/actors HTTP/1.1" 200 37 "-" "insomnia/2021.4.1"
::1 - - [04/Oct/2021:19:56:04 +0000] "GET /api/v1/actors HTTP/1.1" 200 37 "-" "insomnia/2021.4.1"
::1 - - [04/Oct/2021:19:56:05 +0000] "GET /api/v1/actors HTTP/1.1" 200 37 "-" "insomnia/2021.4.1"
::1 - - [04/Oct/2021:19:56:23 +0000] "GET /api/v1/directors HTTP/1.1" 200 37 "-" "insomnia/2021.4.1"
::1 - - [04/Oct/2021:19:56:24 +0000] "GET /api/v1/directors HTTP/1.1" 200 37 "-" "insomnia/2021.4.1"
::1 - - [04/Oct/2021:19:56:30 +0000] "GET /api/v1/directors HTTP/1.1" 200 37 "-" "insomnia/2021.4.1"
::1 - - [04/Oct/2021:19:59:57 +0000] "GET /api/v1/directors HTTP/1.1" 200 2 "-" "insomnia/2021.4.1"
::1 - - [04/Oct/2021:20:00:06 +0000] "GET /api/v1/actors HTTP/1.1" 200 2 "-" "insomnia/2021.4.1"
::1 - - [04/Oct/2021:20:03:44 +0000] "POST /api/v1/reset-password/ HTTP/1.1" - - "-" "insomnia/2021.4.1"
::1 - - [04/Oct/2021:20:04:17 +0000] "POST /api/v1/reset-password/ HTTP/1.1" - - "-" "insomnia/2021.4.1"
::1 - - [04/Oct/2021:20:05:04 +0000] "POST /api/v1/reset-password/ HTTP/1.1" - - "-" "insomnia/2021.4.1"
::1 - - [04/Oct/2021:20:05:11 +0000] "POST /api/v1/reset-password HTTP/1.1" - - "-" "insomnia/2021.4.1"
::1 - - [04/Oct/2021:20:06:25 +0000] "POST /api/v1/reset-password HTTP/1.1" - - "-" "insomnia/2021.4.1"
::1 - - [04/Oct/2021:20:07:41 +0000] "POST /api/v1/reset-password HTTP/1.1" - - "-" "insomnia/2021.4.1"
::1 - - [04/Oct/2021:20:11:21 +0000] "POST /api/v1/reset-password HTTP/1.1" 200 16 "-" "insomnia/2021.4.1"
::1 - - [04/Oct/2021:20:25:02 +0000] "POST /api/v1/reset-password HTTP/1.1" 200 16 "-" "insomnia/2021.4.1"
::1 - - [04/Oct/2021:20:25:38 +0000] "POST /api/v1/reset-password HTTP/1.1" 200 16 "-" "insomnia/2021.4.1"
